<?xml version="1.0" encoding="UTF-8"?>
<coverage generated="1556542755805" clover="3.2.0">
  <project timestamp="1556542755805" name="All files">
    <metrics statements="23" coveredstatements="23" conditionals="20" coveredconditionals="20" methods="3" coveredmethods="3" elements="46" coveredelements="46" complexity="0" loc="23" ncloc="23" packages="1" files="1" classes="1"/>
    <file name="checkEquality.js" path="/Users/lukasz.kowalski/projects/helpers/helpers/checkEquality.js">
      <metrics statements="23" coveredstatements="23" conditionals="20" coveredconditionals="20" methods="3" coveredmethods="3"/>
      <line num="1" count="88" type="cond" truecount="2" falsecount="0"/>
      <line num="3" count="1" type="stmt"/>
      <line num="4" count="15" type="cond" truecount="2" falsecount="0"/>
      <line num="5" count="1" type="stmt"/>
      <line num="8" count="14" type="stmt"/>
      <line num="9" count="14" type="stmt"/>
      <line num="11" count="14" type="cond" truecount="2" falsecount="0"/>
      <line num="12" count="1" type="stmt"/>
      <line num="15" count="13" type="stmt"/>
      <line num="16" count="13" type="stmt"/>
      <line num="18" count="13" type="stmt"/>
      <line num="19" count="19" type="cond" truecount="6" falsecount="0"/>
      <line num="20" count="3" type="stmt"/>
      <line num="22" count="16" type="cond" truecount="2" falsecount="0"/>
      <line num="23" count="3" type="stmt"/>
      <line num="27" count="7" type="stmt"/>
      <line num="30" count="1" type="stmt"/>
      <line num="31" count="33" type="cond" truecount="4" falsecount="0"/>
      <line num="32" count="17" type="stmt"/>
      <line num="33" count="16" type="cond" truecount="2" falsecount="0"/>
      <line num="34" count="1" type="stmt"/>
      <line num="36" count="15" type="stmt"/>
      <line num="40" count="1" type="stmt"/>
    </file>
  </project>
</coverage>
