{"/Users/lukasz.kowalski/projects/helpers/helpers/checkEquality.js": {"path":"/Users/lukasz.kowalski/projects/helpers/helpers/checkEquality.js","statementMap":{"0":{"start":{"line":1,"column":17},"end":{"line":1,"column":66}},"1":{"start":{"line":1,"column":25},"end":{"line":1,"column":66}},"2":{"start":{"line":3,"column":29},"end":{"line":28,"column":1}},"3":{"start":{"line":4,"column":2},"end":{"line":6,"column":3}},"4":{"start":{"line":5,"column":4},"end":{"line":5,"column":17}},"5":{"start":{"line":8,"column":22},"end":{"line":8,"column":42}},"6":{"start":{"line":9,"column":22},"end":{"line":9,"column":42}},"7":{"start":{"line":11,"column":2},"end":{"line":13,"column":3}},"8":{"start":{"line":12,"column":4},"end":{"line":12,"column":17}},"9":{"start":{"line":15,"column":2},"end":{"line":15,"column":20}},"10":{"start":{"line":16,"column":2},"end":{"line":16,"column":20}},"11":{"start":{"line":18,"column":2},"end":{"line":25,"column":3}},"12":{"start":{"line":19,"column":4},"end":{"line":21,"column":5}},"13":{"start":{"line":20,"column":6},"end":{"line":20,"column":19}},"14":{"start":{"line":22,"column":4},"end":{"line":24,"column":5}},"15":{"start":{"line":23,"column":6},"end":{"line":23,"column":19}},"16":{"start":{"line":27,"column":2},"end":{"line":27,"column":14}},"17":{"start":{"line":30,"column":22},"end":{"line":38,"column":1}},"18":{"start":{"line":31,"column":2},"end":{"line":37,"column":3}},"19":{"start":{"line":32,"column":4},"end":{"line":32,"column":27}},"20":{"start":{"line":33,"column":9},"end":{"line":37,"column":3}},"21":{"start":{"line":34,"column":4},"end":{"line":34,"column":16}},"22":{"start":{"line":36,"column":4},"end":{"line":36,"column":46}},"23":{"start":{"line":40,"column":0},"end":{"line":40,"column":31}}},"fnMap":{"0":{"name":"(anonymous_0)","decl":{"start":{"line":1,"column":17},"end":{"line":1,"column":18}},"loc":{"start":{"line":1,"column":25},"end":{"line":1,"column":66}},"line":1},"1":{"name":"(anonymous_1)","decl":{"start":{"line":3,"column":29},"end":{"line":3,"column":30}},"loc":{"start":{"line":3,"column":51},"end":{"line":28,"column":1}},"line":3},"2":{"name":"(anonymous_2)","decl":{"start":{"line":30,"column":22},"end":{"line":30,"column":23}},"loc":{"start":{"line":30,"column":40},"end":{"line":38,"column":1}},"line":30}},"branchMap":{"0":{"loc":{"start":{"line":1,"column":25},"end":{"line":1,"column":66}},"type":"binary-expr","locations":[{"start":{"line":1,"column":25},"end":{"line":1,"column":49}},{"start":{"line":1,"column":53},"end":{"line":1,"column":66}}],"line":1},"1":{"loc":{"start":{"line":4,"column":2},"end":{"line":6,"column":3}},"type":"if","locations":[{"start":{"line":4,"column":2},"end":{"line":6,"column":3}},{"start":{"line":4,"column":2},"end":{"line":6,"column":3}}],"line":4},"2":{"loc":{"start":{"line":11,"column":2},"end":{"line":13,"column":3}},"type":"if","locations":[{"start":{"line":11,"column":2},"end":{"line":13,"column":3}},{"start":{"line":11,"column":2},"end":{"line":13,"column":3}}],"line":11},"3":{"loc":{"start":{"line":19,"column":4},"end":{"line":21,"column":5}},"type":"if","locations":[{"start":{"line":19,"column":4},"end":{"line":21,"column":5}},{"start":{"line":19,"column":4},"end":{"line":21,"column":5}}],"line":19},"4":{"loc":{"start":{"line":19,"column":9},"end":{"line":19,"column":48}},"type":"binary-expr","locations":[{"start":{"line":19,"column":9},"end":{"line":19,"column":32}},{"start":{"line":19,"column":36},"end":{"line":19,"column":48}}],"line":19},"5":{"loc":{"start":{"line":19,"column":55},"end":{"line":19,"column":94}},"type":"binary-expr","locations":[{"start":{"line":19,"column":55},"end":{"line":19,"column":78}},{"start":{"line":19,"column":82},"end":{"line":19,"column":94}}],"line":19},"6":{"loc":{"start":{"line":22,"column":4},"end":{"line":24,"column":5}},"type":"if","locations":[{"start":{"line":22,"column":4},"end":{"line":24,"column":5}},{"start":{"line":22,"column":4},"end":{"line":24,"column":5}}],"line":22},"7":{"loc":{"start":{"line":31,"column":2},"end":{"line":37,"column":3}},"type":"if","locations":[{"start":{"line":31,"column":2},"end":{"line":37,"column":3}},{"start":{"line":31,"column":2},"end":{"line":37,"column":3}}],"line":31},"8":{"loc":{"start":{"line":31,"column":6},"end":{"line":31,"column":42}},"type":"binary-expr","locations":[{"start":{"line":31,"column":6},"end":{"line":31,"column":22}},{"start":{"line":31,"column":26},"end":{"line":31,"column":42}}],"line":31},"9":{"loc":{"start":{"line":33,"column":9},"end":{"line":37,"column":3}},"type":"if","locations":[{"start":{"line":33,"column":9},"end":{"line":37,"column":3}},{"start":{"line":33,"column":9},"end":{"line":37,"column":3}}],"line":33}},"s":{"0":1,"1":88,"2":1,"3":15,"4":1,"5":14,"6":14,"7":14,"8":1,"9":13,"10":13,"11":13,"12":19,"13":3,"14":16,"15":3,"16":7,"17":1,"18":33,"19":17,"20":16,"21":1,"22":15,"23":1},"f":{"0":88,"1":15,"2":33},"b":{"0":[88,28],"1":[1,14],"2":[1,13],"3":[3,16],"4":[19,13],"5":[19,13],"6":[3,13],"7":[17,16],"8":[33,17],"9":[1,15]},"_coverageSchema":"43e27e138ebf9cfc5966b082cf9a028302ed4184","hash":"204a118661632ac0be3060905fd059520dcf4061"}
}
