TN:
SF:/Users/lukasz.kowalski/projects/helpers/helpers/checkEquality.js
FN:1,(anonymous_0)
FN:3,(anonymous_1)
FN:30,(anonymous_2)
FNF:3
FNH:3
FNDA:88,(anonymous_0)
FNDA:15,(anonymous_1)
FNDA:33,(anonymous_2)
DA:1,88
DA:3,1
DA:4,15
DA:5,1
DA:8,14
DA:9,14
DA:11,14
DA:12,1
DA:15,13
DA:16,13
DA:18,13
DA:19,19
DA:20,3
DA:22,16
DA:23,3
DA:27,7
DA:30,1
DA:31,33
DA:32,17
DA:33,16
DA:34,1
DA:36,15
DA:40,1
LF:23
LH:23
BRDA:1,0,0,88
BRDA:1,0,1,28
BRDA:4,1,0,1
BRDA:4,1,1,14
BRDA:11,2,0,1
BRDA:11,2,1,13
BRDA:19,3,0,3
BRDA:19,3,1,16
BRDA:19,4,0,19
BRDA:19,4,1,13
BRDA:19,5,0,19
BRDA:19,5,1,13
BRDA:22,6,0,3
BRDA:22,6,1,13
BRDA:31,7,0,17
BRDA:31,7,1,16
BRDA:31,8,0,33
BRDA:31,8,1,17
BRDA:33,9,0,1
BRDA:33,9,1,15
BRF:20
BRH:20
end_of_record
